
=== Fri Feb  3 15:24:33 2023

Packages were changed.
Update Mode: mergeDefaultDependencies

The following packages were 已添加:
  com.unity.modules.ai@1.0.0
  com.unity.modules.androidjni@1.0.0
  com.unity.modules.animation@1.0.0
  com.unity.modules.assetbundle@1.0.0
  com.unity.modules.audio@1.0.0
  com.unity.modules.cloth@1.0.0
  com.unity.modules.director@1.0.0
  com.unity.modules.imageconversion@1.0.0
  com.unity.modules.imgui@1.0.0
  com.unity.modules.jsonserialize@1.0.0
  com.unity.modules.particlesystem@1.0.0
  com.unity.modules.physics@1.0.0
  com.unity.modules.physics2d@1.0.0
  com.unity.modules.screencapture@1.0.0
  com.unity.modules.terrain@1.0.0
  com.unity.modules.terrainphysics@1.0.0
  com.unity.modules.tilemap@1.0.0
  com.unity.modules.ui@1.0.0
  com.unity.modules.uielements@1.0.0
  com.unity.modules.umbra@1.0.0
  com.unity.modules.unityanalytics@1.0.0
  com.unity.modules.unitywebrequest@1.0.0
  com.unity.modules.unitywebrequestassetbundle@1.0.0
  com.unity.modules.unitywebrequestaudio@1.0.0
  com.unity.modules.unitywebrequesttexture@1.0.0
  com.unity.modules.unitywebrequestwww@1.0.0
  com.unity.modules.vehicles@1.0.0
  com.unity.modules.video@1.0.0
  com.unity.modules.vr@1.0.0
  com.unity.modules.wind@1.0.0
  com.unity.modules.xr@1.0.0
The following packages were 已更新:
  com.unity.collab-proxy 从版本 1.9.0 到 1.17.2
  com.unity.ide.rider 从版本 3.0.7 到 3.0.15
  com.unity.ide.visualstudio 从版本 2.0.11 到 2.0.16
  com.unity.ide.vscode 从版本 1.2.4 到 1.2.5
  com.unity.test-framework 从版本 1.1.29 到 1.1.31
  com.unity.timeline 从版本 1.6.2 到 1.6.4
  com.unity.visualscripting 从版本 1.7.2 到 1.7.8

=== Sun Nov  5 16:47:36 2023

Packages were changed.
Update Mode: mergeDefaultDependencies

The following packages were 已添加:
  com.unity.2d.sprite@1.0.0

=== Wed Nov 22 12:18:28 2023

Packages were changed.
Update Mode: mergeDefaultDependencies

The following packages were 已添加:
  com.unity.2d.psdimporter@4.0.2
  com.unity.animation.rigging@1.1.1
  com.unity.render-pipelines.universal@10.5.1
  com.unity.toolchain.win-x86_64-linux-x86_64@0.1.21-preview
  com.unity.visualeffectgraph@10.5.1
